<?xml version="1.0" encoding="UTF-8"?>
<testng-results skipped="0" failed="0" ignored="0" total="2" passed="2">
  <reporter-output>
  </reporter-output>
  <suite name="Default suite" duration-ms="13093" started-at="2017-12-06T05:47:23Z" finished-at="2017-12-06T05:47:36Z">
    <groups>
    </groups>
    <test name="Default test" duration-ms="13093" started-at="2017-12-06T05:47:23Z" finished-at="2017-12-06T05:47:36Z">
      <class name="testcases.InitialClassSetup">
        <test-method status="PASS" signature="testcase1()[pri:0, instance:testcases.InitialClassSetup@46d56d67]" name="testcase1" duration-ms="7759" started-at="2017-12-05T21:47:23Z" finished-at="2017-12-05T21:47:31Z">
          <reporter-output>
          </reporter-output>
        </test-method> <!-- testcase1 -->
      </class> <!-- testcases.InitialClassSetup -->
      <class name="testcases.Initial2ClassSetup">
        <test-method status="PASS" signature="testcase1()[pri:0, instance:testcases.Initial2ClassSetup@28d25987]" name="testcase1" duration-ms="5297" started-at="2017-12-05T21:47:31Z" finished-at="2017-12-05T21:47:36Z">
          <reporter-output>
          </reporter-output>
        </test-method> <!-- testcase1 -->
      </class> <!-- testcases.Initial2ClassSetup -->
    </test> <!-- Default test -->
  </suite> <!-- Default suite -->
</testng-results>
