<?xml version="1.0" encoding="UTF-8"?>
<testng-results skipped="0" failed="0" ignored="0" total="1" passed="1">
  <reporter-output>
  </reporter-output>
  <suite name="Default suite" duration-ms="5819" started-at="2017-12-03T22:09:37Z" finished-at="2017-12-03T22:09:43Z">
    <groups>
    </groups>
    <test name="Default test" duration-ms="5819" started-at="2017-12-03T22:09:37Z" finished-at="2017-12-03T22:09:43Z">
      <class name="testcases.InitialClassSetup">
        <test-method status="PASS" signature="testcase1()[pri:0, instance:testcases.InitialClassSetup@14acaea5]" name="testcase1" duration-ms="5801" started-at="2017-12-03T14:09:37Z" finished-at="2017-12-03T14:09:43Z">
          <reporter-output>
          </reporter-output>
        </test-method> <!-- testcase1 -->
      </class> <!-- testcases.InitialClassSetup -->
    </test> <!-- Default test -->
  </suite> <!-- Default suite -->
</testng-results>
